   Compiling fatum-mark2 v0.1.0 (/app/fatum-mark2)
warning: unused variable: `day_branch_idx`
  --> src/tools/qimen.rs:38:20
   |
38 |     let (day_stem, day_branch_idx) = get_gan_zhi_day(year, month, day);
   |                    ^^^^^^^^^^^^^^ help: if this is intentional, prefix it with an underscore: `_day_branch_idx`
   |
   = note: `#[warn(unused_variables)]` (part of `#[warn(unused)]`) on by default

warning: unused variable: `day_stem_idx`
  --> src/tools/qimen.rs:41:9
   |
41 |     let day_stem_idx = get_stem_idx(day_stem);
   |         ^^^^^^^^^^^^ help: if this is intentional, prefix it with an underscore: `_day_stem_idx`

warning: `fatum-mark2` (lib) generated 2 warnings
    Finished `dev` profile [unoptimized + debuginfo] target(s) in 11.61s
     Running `target/debug/fatum-mark2`
Starting Web Server...
FATUM-MARK2 Server listening on http://127.0.0.1:3000
Successfully seeded with Quantum Entropy.
Successfully seeded with Quantum Entropy.
